<?xml version="1.0" encoding="UTF-8"?>
<testsuite name="LearningProgressTrackerTest" tests="1" skipped="0" failures="0" errors="0" timestamp="2022-09-14T18:08:56" hostname="DESKTOP-U8576MV" time="0.623">
  <properties/>
  <testcase name="start" classname="LearningProgressTrackerTest" time="0.623"/>
  <system-out><![CDATA[?[1;31m
Start test 1?[0m
Learning Progress Tracker!
> back
Enter 'exit' to exit the program
> exit
Bye!
?[1;31m
Start test 2?[0m
Learning Progress Tracker!
> 
No input.
?[1;31m
Start test 3?[0m
Learning Progress Tracker!
>   
No input.
?[1;31m
Start test 4?[0m
Learning Progress Tracker!
> 	
No input.
?[1;31m
Start test 5?[0m
Learning Progress Tracker!
>  	
No input.
?[1;31m
Start test 6?[0m
Learning Progress Tracker!
> abc
Error: unknown command!
?[1;31m
Start test 7?[0m
Learning Progress Tracker!
> quit
Error: unknown command!
?[1;31m
Start test 8?[0m
Learning Progress Tracker!
>   brexit 
Error: unknown command!
?[1;31m
Start test 9?[0m
Learning Progress Tracker!
> exi  t
Error: unknown command!
?[1;31m
Start test 10?[0m
Learning Progress Tracker!
> ?
Error: unknown command!
?[1;31m
Start test 11?[0m
Learning Progress Tracker!
> break
Error: unknown command!
?[1;31m
Start test 12?[0m
Learning Progress Tracker!
> -exit
Error: unknown command!
?[1;31m
Start test 13?[0m
Learning Progress Tracker!
> Ctrl+C
Error: unknown command!
?[1;31m
Start test 14?[0m
Learning Progress Tracker!
> exit please
Error: unknown command!
?[1;31m
Start test 15?[0m
Learning Progress Tracker!
> :q
Error: unknown command!
?[1;31m
Start test 16?[0m
Learning Progress Tracker!
> java
Error: unknown command!
?[1;31m
Start test 17?[0m
Learning Progress Tracker!
> spring
Error: unknown command!
?[1;31m
Start test 18?[0m
Learning Progress Tracker!
> dsa
Error: unknown command!
?[1;31m
Start test 19?[0m
Learning Progress Tracker!
> databases
Error: unknown command!
?[1;31m
Start test 20?[0m
Learning Progress Tracker!
> add students
Enter student credentials or 'back' to return
> exit
Incorrect credentials.
> back
Total 0 students have been added.
> back
Enter 'exit' to exit the program
> exit
Bye!
?[1;31m
Start test 21?[0m
Learning Progress Tracker!
> add students
Enter student credentials or 'back' to return
> John Smith jsmith@hotmail.com
The student has been added.
> Anny Doolittle anny.md@mail.edu
The student has been added.
> Jean-Claude O'Connor jcda123@google.net
The student has been added.
> Mary Emelianenko 125367at@zzz90.z9
The student has been added.
> Al Owen u15da125@a1s2f4f7.a1c2c5s4
The student has been added.
> Robert Jemison Van de Graaff robertvdgraaff@mit.edu
The student has been added.
> Ed Eden a1@a1.a1
The student has been added.
> na'me s-u ii@ii.ii
The student has been added.
> n'a me su aa-b'b ab@ab.ab
The student has been added.
> nA me 1@1.1
The student has been added.
> back
Total 10 students have been added.
?[1;31m
Start test 22?[0m
Learning Progress Tracker!
> add students
Enter student credentials or 'back' to return
> 
Incorrect credentials.
>  	
Incorrect credentials.
> name surname
Incorrect credentials.
> n surname email@email.xyz
Incorrect first name.
> 'name surname email@email.xyz
Incorrect first name.
> -name surname email@email.xyz
Incorrect first name.
> name- surname email@email.xyz
Incorrect first name.
> name' surname email@email.xyz
Incorrect first name.
> nam-'e surname email@email.xyz
Incorrect first name.
> na'-me surname email@email.xyz
Incorrect first name.
> na--me surname email@email.xyz
Incorrect first name.
> na''me surname email@email.xyz
Incorrect first name.
> námé surname email@email.xyz
Incorrect first name.
> name s email@email.xyz
Incorrect last name.
> name -surname email@email.xyz
Incorrect last name.
> name 'surname email@email.xyz
Incorrect last name.
> name surnam''e email@email.xyz
Incorrect last name.
> name surn--ame email@email.xyz
Incorrect last name.
> name s'-urname email@email.xyz
Incorrect last name.
> name su-'rname email@email.xyz
Incorrect last name.
> name surname- email@email.xyz
Incorrect last name.
> name surname' email@email.xyz
Incorrect last name.
> name surnámé email@email.xyz
Incorrect last name.
> name surname emailemail.xyz
Incorrect email.
> name surname email@emailxyz
Incorrect email.
> name surname email@e@mail.xyz
Incorrect email.
> back
Total 0 students have been added.
?[1;31m
Start test 23?[0m
Learning Progress Tracker!
> add students
Enter student credentials or 'back' to return
> back
Total 0 students have been added.
> list
No students found
?[1;31m
Start test 24?[0m
Learning Progress Tracker!
> add students
Enter student credentials or 'back' to return
> Elysha Quinlan address1@mail.com
The student has been added.
> Elysha Quinlan address1@mail.com
This email is already taken.
> Beatrisa Jegar address2@mail.com
The student has been added.
> Beatrisa Jegar address2@mail.com
This email is already taken.
> Aurie Dorisa address3@mail.com
The student has been added.
> Aurie Dorisa address3@mail.com
This email is already taken.
> Toby Bleier address4@mail.com
The student has been added.
> Toby Bleier address4@mail.com
This email is already taken.
> Leola Whelan address5@mail.com
The student has been added.
> Leola Whelan address5@mail.com
This email is already taken.
> Emelia Annnora address6@mail.com
The student has been added.
> Emelia Annnora address6@mail.com
This email is already taken.
> Jermaine Naaman address7@mail.com
The student has been added.
> Jermaine Naaman address7@mail.com
This email is already taken.
> Marisa Firman address8@mail.com
The student has been added.
> Marisa Firman address8@mail.com
This email is already taken.
> Annecorinne Ause address9@mail.com
The student has been added.
> Annecorinne Ause address9@mail.com
This email is already taken.
> Dalia Gleeson address10@mail.com
The student has been added.
> Dalia Gleeson address10@mail.com
This email is already taken.
> Charlena Girardo address11@mail.com
The student has been added.
> Charlena Girardo address11@mail.com
This email is already taken.
> Brandise Hardan address12@mail.com
The student has been added.
> Brandise Hardan address12@mail.com
This email is already taken.
> back
Total 12 students have been added.
?[1;31m
Start test 25?[0m
Learning Progress Tracker!
> add students
Enter student credentials or 'back' to return
> Jermaine Naaman address1@mail.com
The student has been added.
> Olga Rosanne address2@mail.com
The student has been added.
> Carmella Campman address3@mail.com
The student has been added.
> Dalia Gleeson address4@mail.com
The student has been added.
> Trixie Winer address5@mail.com
The student has been added.
> Alexina Belcher address6@mail.com
The student has been added.
> Karee Antoinetta address7@mail.com
The student has been added.
> Barbara-Anne Chicky address8@mail.com
The student has been added.
> Gwenette Anagnos address9@mail.com
The student has been added.
> Beatrisa Jegar address10@mail.com
The student has been added.
> Anjanette Uis address11@mail.com
The student has been added.
> Natka Herculie address12@mail.com
The student has been added.
> back
Total 12 students have been added.
> list
Students:
735941877
1224591316
1908202613
195645299
1687783250
1472781763
897072598
596322037
440296190
770510745
1408863820
1624743730
?[1;31m
Start test 26?[0m
Learning Progress Tracker!
> add points
Enter an id and points or 'back' to return
> back
> back
Enter 'exit' to exit the program
> exit
Bye!
?[1;31m
Start test 27?[0m
Learning Progress Tracker!
> add students
Enter student credentials or 'back' to return
> Alexina Belcher address1@mail.com
The student has been added.
> Annecorinne Ause address2@mail.com
The student has been added.
> Elwira Florrie address3@mail.com
The student has been added.
> Gwenette Anagnos address4@mail.com
The student has been added.
> Barbara-Anne Chicky address5@mail.com
The student has been added.
> Gwenette Kironde address6@mail.com
The student has been added.
> back
Total 6 students have been added.
> list
Students:
591013687
417895030
1541581106
249575616
1240837473
1782245999
> add points
Enter an id and points or 'back' to return
> 591013687 
Incorrect points format.
> 591013687 -1 1 1 1
Incorrect points format.
> 591013687 1 1 2 A
Incorrect points format.
> 591013687 1 1 1
Incorrect points format.
> 591013687 1 1 1 1 1
Incorrect points format.
> imsurethereisnosuchstudentid 1 1 1 1
No student is found for id=imsurethereisnosuchstudentid
?[1;31m
Start test 28?[0m
Learning Progress Tracker!
> add students
Enter student credentials or 'back' to return
> Elysha Quinlan address1@mail.com
The student has been added.
> Alexina Belcher address2@mail.com
The student has been added.
> Ann Agnella address3@mail.com
The student has been added.
> Toby Bleier address4@mail.com
The student has been added.
> Natka Herculie address5@mail.com
The student has been added.
> Emelia Annnora address6@mail.com
The student has been added.
> back
Total 6 students have been added.
> list
Students:
119896428
1284355351
637578350
1445432374
877326588
1284449752
> add points
Enter an id and points or 'back' to return
> 119896428 8 4 2 9
points updated
> 1284355351 7 7 5 10
points updated
> 637578350 3 6 10 10
points updated
> 1445432374 9 6 2 1
points updated
> 877326588 8 8 5 4
points updated
> 1284449752 3 10 9 5
points updated
?[1;31m
Start test 29?[0m
Learning Progress Tracker!
> find
Enter an id or 'back' to return:
> back
> back
Enter 'exit' to exit the program
> exit
Bye!
?[1;31m
Start test 30?[0m
Learning Progress Tracker!
> add students
Enter student credentials or 'back' to return
> Elwira Florrie address1@mail.com
The student has been added.
> Ricki Trovillion address2@mail.com
The student has been added.
> Van Fawnia address3@mail.com
The student has been added.
> Marisa Firman address4@mail.com
The student has been added.
> Barbara-Anne Chicky address5@mail.com
The student has been added.
> back
Total 5 students have been added.
> list
Students:
1191748865
379285345
1015692635
1155290840
2067238240
> add points
Enter an id and points or 'back' to return
> 1191748865 0 0 0 0
points updated
> 1191748865 0 0 0 0
points updated
> 379285345 1 1 1 1
points updated
> 379285345 1 1 1 1
points updated
> 1015692635 2 2 2 2
points updated
> 1015692635 2 2 2 2
points updated
> 1155290840 3 3 3 3
points updated
> 1155290840 3 3 3 3
points updated
> 2067238240 4 4 4 4
points updated
> 2067238240 4 4 4 4
points updated
> back
> find
Enter an id or 'back' to return:
> 1191748865
1191748865 points: Java=0; DSA=0; Databases=0; Spring=0
> 379285345
379285345 points: Java=2; DSA=2; Databases=2; Spring=2
> 1015692635
1015692635 points: Java=4; DSA=4; Databases=4; Spring=4
> 1155290840
1155290840 points: Java=6; DSA=6; Databases=6; Spring=6
> 2067238240
2067238240 points: Java=8; DSA=8; Databases=8; Spring=8
?[1;31m
Start test 31?[0m
Learning Progress Tracker!
> statistics
Type the name of a course to see details or 'back' to quit:
Most popular: n/a
Least popular: n/a
Highest activity: n/a
Lowest activity: n/a
Easiest course: n/a
Hardest course: n/a
> back
Unknown course.
> back
Enter 'exit' to exit the program
> exit
Bye!
?[1;31m
Start test 32?[0m
Learning Progress Tracker!
> statistics
Type the name of a course to see details or 'back' to quit:
Most popular: n/a
Least popular: n/a
Highest activity: n/a
Lowest activity: n/a
Easiest course: n/a
Hardest course: n/a
?[1;31m
Start test 33?[0m
Learning Progress Tracker!
> statistics
Type the name of a course to see details or 'back' to quit:
Most popular: n/a
Least popular: n/a
Highest activity: n/a
Lowest activity: n/a
Easiest course: n/a
Hardest course: n/a
> Java
Java
id          points   completed
> DSA
DSA
id          points   completed
> Databases
Databases
id          points   completed
> Spring
Spring
id          points   completed
> abc
Unknown course.
> quit
Unknown course.
>   brexit 
Unknown course.
> exi  t
Unknown course.
> ?
Unknown course.
> break
Unknown course.
> -exit
Unknown course.
> Ctrl+C
Unknown course.
> exit please
Unknown course.
> :q
Unknown course.
?[1;31m
Start test 34?[0m
Learning Progress Tracker!
> statistics
Type the name of a course to see details or 'back' to quit:
Most popular: n/a
Least popular: n/a
Highest activity: n/a
Lowest activity: n/a
Easiest course: n/a
Hardest course: n/a
> back
Unknown course.
> back
Enter 'exit' to exit the program
> exit
Bye!
?[1;31m
Start test 35?[0m
Learning Progress Tracker!
> add students
Enter student credentials or 'back' to return
> Van Fawnia address1@mail.com
The student has been added.
> Anjanette Uis address2@mail.com
The student has been added.
> Ricki Trovillion address3@mail.com
The student has been added.
> Karee Antoinetta address4@mail.com
The student has been added.
> back
Total 4 students have been added.
> list
Students:
925166751
1333218153
324674495
1120670954
> add points
Enter an id and points or 'back' to return
> 925166751 5 4 3 1
points updated
> 1333218153 5 4 3 1
points updated
> 324674495 5 4 3 1
points updated
> 1120670954 5 4 3 1
points updated
> back
> statistics
Type the name of a course to see details or 'back' to quit:
Most popular: Java, DSA, Databases, Spring, 
Least popular: n/a
Highest activity: Java, DSA, Databases, Spring, 
Lowest activity: n/a
Easiest course: Java, 
Hardest course: Spring, 
?[1;31m
Start test 36?[0m
Learning Progress Tracker!
> add students
Enter student credentials or 'back' to return
> Ann Agnella address1@mail.com
The student has been added.
> Dalia Gleeson address2@mail.com
The student has been added.
> Anjanette Uis address3@mail.com
The student has been added.
> Roxi Hett address4@mail.com
The student has been added.
> back
Total 4 students have been added.
> list
Students:
462695103
1012288811
1155318403
1255896287
> add points
Enter an id and points or 'back' to return
> 462695103 10 10 10 10
points updated
> 1012288811 5 5 5 5
points updated
> 1155318403 5 5 5 5
points updated
> 1255896287 2 2 2 2
points updated
> back
> statistics
Type the name of a course to see details or 'back' to quit:
Most popular: Java, DSA, Databases, Spring, 
Least popular: n/a
Highest activity: Java, DSA, Databases, Spring, 
Lowest activity: n/a
Easiest course: Java, DSA, Databases, Spring, 
Hardest course: n/a
> Java
Java
id          points   completed
462695103  10        1.7%
1012288811  5        0.8%
1155318403  5        0.8%
1255896287  2        0.3%
> DSA
DSA
id          points   completed
462695103  10        2.5%
1012288811  5        1.3%
1155318403  5        1.3%
1255896287  2        0.5%
> Databases
Databases
id          points   completed
462695103  10        2.1%
1012288811  5        1.0%
1155318403  5        1.0%
1255896287  2        0.4%
> Spring
Spring
id          points   completed
462695103  10        1.8%
1012288811  5        0.9%
1155318403  5        0.9%
1255896287  2        0.4%
?[1;31m
Start test 37?[0m
Learning Progress Tracker!
> add students
Enter student credentials or 'back' to return
> John Doe johnd@email.net
The student has been added.
> Jane Spark jspark@yahoo.com
The student has been added.
> back
Total 2 students have been added.
> list
Students:
882150104
1337007703
> add points
Enter an id and points or 'back' to return
> 882150104 8 7 7 5
points updated
> 882150104 7 6 9 7
points updated
> 882150104 6 5 5 0
points updated
> 1337007703 8 0 8 6
points updated
> 1337007703 7 0 0 0
points updated
> 1337007703 9 0 0 5
points updated
> back
> statistics
Type the name of a course to see details or 'back' to quit:
Most popular: Java, Databases, Spring, 
Least popular: DSA, 
Highest activity: Java, Databases, Spring, 
Lowest activity: DSA, 
Easiest course: Java, 
Hardest course: Spring, 
> Java
Java
id          points   completed
1337007703  24        4.0%
882150104  21        3.5%
> DSA
DSA
id          points   completed
882150104  18        4.5%
> Databases
Databases
id          points   completed
882150104  21        4.4%
1337007703  8        1.7%
> Spring
Spring
id          points   completed
882150104  12        2.2%
1337007703  11        2.0%
?[1;31m
Start test 38?[0m
Learning Progress Tracker!
> notify
Total 0 students have been notified.
?[1;31m
Start test 39?[0m
Learning Progress Tracker!
> add students
Enter student credentials or 'back' to return
> John Doe johnd@email.net
The student has been added.
> Jane Spark jspark@yahoo.com
The student has been added.
> back
Total 2 students have been added.
> list
Students:
234906665
672264988
> add points
Enter an id and points or 'back' to return
> 234906665 600 400 0 0
points updated
> back
> notify
To: johnd@email.net
Re: Your Learning Progress
Hello, John Doe! You have accomplished our Java course!
To: johnd@email.net
Re: Your Learning Progress
Hello, John Doe! You have accomplished our DSA course!
Total 1 students have been notified.
> notify
Total 0 students have been notified.
]]></system-out>
  <system-err><![CDATA[]]></system-err>
</testsuite>
